<?xml version="1.0" encoding="UTF-8"?>
<testsuite name="AnswersTest" tests="1" skipped="0" failures="0" errors="0" timestamp="2017-07-08T06:53:33" hostname="MTVL13b1d3ebb.local" time="0.001">
  <properties/>
  <testcase name="getZeroImportanceValueTest" classname="AnswersTest" time="0.001"/>
  <system-out><![CDATA[]]></system-out>
  <system-err><![CDATA[]]></system-err>
</testsuite>
